<?xml version="1.0" encoding="UTF-8"?>
<testsuite name="com.voyagerss.ServerApplicationTests" tests="1" skipped="0" failures="0" errors="0" timestamp="2021-02-02T06:05:54" hostname="NB00002036" time="0.004">
  <properties/>
  <testcase name="contextLoads()" classname="com.voyagerss.ServerApplicationTests" time="0.004"/>
  <system-out><![CDATA[2021-02-02 15:05:54.498  INFO 57404 --- [    Test worker] .b.t.c.SpringBootTestContextBootstrapper : Neither @ContextConfiguration nor @ContextHierarchy found for test class [com.voyagerss.ServerApplicationTests], using SpringBootContextLoader
2021-02-02 15:05:54.499  INFO 57404 --- [    Test worker] o.s.t.c.support.AbstractContextLoader    : Could not detect default resource locations for test class [com.voyagerss.ServerApplicationTests]: no resource found for suffixes {-context.xml, Context.groovy}.
2021-02-02 15:05:54.499  INFO 57404 --- [    Test worker] t.c.s.AnnotationConfigContextLoaderUtils : Could not detect default configuration classes for test class [com.voyagerss.ServerApplicationTests]: ServerApplicationTests does not declare any static, non-private, non-final, nested classes annotated with @Configuration.
2021-02-02 15:05:54.503  INFO 57404 --- [    Test worker] .b.t.c.SpringBootTestContextBootstrapper : Found @SpringBootConfiguration com.voyagerss.ServerApplication for test class com.voyagerss.ServerApplicationTests
2021-02-02 15:05:54.505  INFO 57404 --- [    Test worker] .b.t.c.SpringBootTestContextBootstrapper : Loaded default TestExecutionListener class names from location [META-INF/spring.factories]: [org.springframework.boot.test.autoconfigure.restdocs.RestDocsTestExecutionListener, org.springframework.boot.test.autoconfigure.web.client.MockRestServiceServerResetTestExecutionListener, org.springframework.boot.test.autoconfigure.web.servlet.MockMvcPrintOnlyOnFailureTestExecutionListener, org.springframework.boot.test.autoconfigure.web.servlet.WebDriverTestExecutionListener, org.springframework.boot.test.autoconfigure.webservices.client.MockWebServiceServerTestExecutionListener, org.springframework.boot.test.mock.mockito.MockitoTestExecutionListener, org.springframework.boot.test.mock.mockito.ResetMocksTestExecutionListener, org.springframework.test.context.web.ServletTestExecutionListener, org.springframework.test.context.support.DirtiesContextBeforeModesTestExecutionListener, org.springframework.test.context.support.DependencyInjectionTestExecutionListener, org.springframework.test.context.support.DirtiesContextTestExecutionListener, org.springframework.test.context.transaction.TransactionalTestExecutionListener, org.springframework.test.context.jdbc.SqlScriptsTestExecutionListener, org.springframework.test.context.event.EventPublishingTestExecutionListener]
2021-02-02 15:05:54.506  INFO 57404 --- [    Test worker] .b.t.c.SpringBootTestContextBootstrapper : Using TestExecutionListeners: [org.springframework.test.context.web.ServletTestExecutionListener@6be58ea6, org.springframework.test.context.support.DirtiesContextBeforeModesTestExecutionListener@62a92574, org.springframework.boot.test.mock.mockito.MockitoTestExecutionListener@4d0d342d, org.springframework.boot.test.autoconfigure.SpringBootDependencyInjectionTestExecutionListener@6bcabadb, org.springframework.test.context.support.DirtiesContextTestExecutionListener@2c9d99ba, org.springframework.test.context.transaction.TransactionalTestExecutionListener@7b48bd8, org.springframework.test.context.jdbc.SqlScriptsTestExecutionListener@233c7b5f, org.springframework.test.context.event.EventPublishingTestExecutionListener@1d1e0181, org.springframework.boot.test.autoconfigure.restdocs.RestDocsTestExecutionListener@5d0e1bd1, org.springframework.boot.test.autoconfigure.web.client.MockRestServiceServerResetTestExecutionListener@7e47b1e3, org.springframework.boot.test.autoconfigure.web.servlet.MockMvcPrintOnlyOnFailureTestExecutionListener@3e61cbf7, org.springframework.boot.test.autoconfigure.web.servlet.WebDriverTestExecutionListener@539ed7b3, org.springframework.boot.test.autoconfigure.webservices.client.MockWebServiceServerTestExecutionListener@7e638e82, org.springframework.boot.test.mock.mockito.ResetMocksTestExecutionListener@3d68f004]
]]></system-out>
  <system-err><![CDATA[]]></system-err>
</testsuite>
