<?xml version="1.0" encoding="UTF-8"?>
<testsuite name="com.voyagerss.financial.service.KrBankApiServiceTest" tests="12" skipped="0" failures="0" errors="0" timestamp="2021-02-02T06:05:50" hostname="NB00002036" time="4.462">
  <properties/>
  <testcase name="saveData()" classname="com.voyagerss.financial.service.KrBankApiServiceTest" time="0.161"/>
  <testcase name="testGetKOSPI()" classname="com.voyagerss.financial.service.KrBankApiServiceTest" time="0.006"/>
  <testcase name="testSaveData()" classname="com.voyagerss.financial.service.KrBankApiServiceTest" time="0.006"/>
  <testcase name="getUrlString()" classname="com.voyagerss.financial.service.KrBankApiServiceTest" time="0.005"/>
  <testcase name="testGetDataFromAPI()" classname="com.voyagerss.financial.service.KrBankApiServiceTest" time="0.005"/>
  <testcase name="testSaveSchema()" classname="com.voyagerss.financial.service.KrBankApiServiceTest" time="0.005"/>
  <testcase name="testGetUrlString()" classname="com.voyagerss.financial.service.KrBankApiServiceTest" time="0.004"/>
  <testcase name="testGetSchemaFromAPI()" classname="com.voyagerss.financial.service.KrBankApiServiceTest" time="0.006"/>
  <testcase name="saveSchema()" classname="com.voyagerss.financial.service.KrBankApiServiceTest" time="0.005"/>
  <testcase name="getDataFromAPI()" classname="com.voyagerss.financial.service.KrBankApiServiceTest" time="0.005"/>
  <testcase name="getKOSPI()" classname="com.voyagerss.financial.service.KrBankApiServiceTest" time="4.238"/>
  <testcase name="getSchemaFromAPI()" classname="com.voyagerss.financial.service.KrBankApiServiceTest" time="0.003"/>
  <system-out><![CDATA[15:05:34.237 [Test worker] DEBUG org.springframework.test.context.BootstrapUtils - Instantiating CacheAwareContextLoaderDelegate from class [org.springframework.test.context.cache.DefaultCacheAwareContextLoaderDelegate]
15:05:34.237 [Test worker] DEBUG org.springframework.test.context.BootstrapUtils - Instantiating BootstrapContext using constructor [public org.springframework.test.context.support.DefaultBootstrapContext(java.lang.Class,org.springframework.test.context.CacheAwareContextLoaderDelegate)]
15:05:34.238 [Test worker] DEBUG org.springframework.test.context.BootstrapUtils - Instantiating TestContextBootstrapper for test class [com.voyagerss.financial.service.KrBankApiServiceTest] from class [org.springframework.boot.test.context.SpringBootTestContextBootstrapper]
15:05:34.239 [Test worker] INFO org.springframework.boot.test.context.SpringBootTestContextBootstrapper - Neither @ContextConfiguration nor @ContextHierarchy found for test class [com.voyagerss.financial.service.KrBankApiServiceTest], using SpringBootContextLoader
15:05:34.240 [Test worker] DEBUG org.springframework.test.context.support.AbstractContextLoader - Did not detect default resource location for test class [com.voyagerss.financial.service.KrBankApiServiceTest]: class path resource [com/voyagerss/financial/service/KrBankApiServiceTest-context.xml] does not exist
15:05:34.241 [Test worker] DEBUG org.springframework.test.context.support.AbstractContextLoader - Did not detect default resource location for test class [com.voyagerss.financial.service.KrBankApiServiceTest]: class path resource [com/voyagerss/financial/service/KrBankApiServiceTestContext.groovy] does not exist
15:05:34.241 [Test worker] INFO org.springframework.test.context.support.AbstractContextLoader - Could not detect default resource locations for test class [com.voyagerss.financial.service.KrBankApiServiceTest]: no resource found for suffixes {-context.xml, Context.groovy}.
15:05:34.242 [Test worker] INFO org.springframework.test.context.support.AnnotationConfigContextLoaderUtils - Could not detect default configuration classes for test class [com.voyagerss.financial.service.KrBankApiServiceTest]: KrBankApiServiceTest does not declare any static, non-private, non-final, nested classes annotated with @Configuration.
15:05:34.244 [Test worker] DEBUG org.springframework.test.context.support.ActiveProfilesUtils - Could not find an 'annotation declaring class' for annotation type [org.springframework.test.context.ActiveProfiles] and class [com.voyagerss.financial.service.KrBankApiServiceTest]
15:05:34.257 [Test worker] DEBUG org.springframework.context.annotation.ClassPathScanningCandidateComponentProvider - Identified candidate component class: file [D:\workspace\sandbox\chargerStationServer-main\build\classes\java\main\com\voyagerss\ServerApplication.class]
15:05:34.257 [Test worker] INFO org.springframework.boot.test.context.SpringBootTestContextBootstrapper - Found @SpringBootConfiguration com.voyagerss.ServerApplication for test class com.voyagerss.financial.service.KrBankApiServiceTest
15:05:34.260 [Test worker] DEBUG org.springframework.boot.test.context.SpringBootTestContextBootstrapper - @TestExecutionListeners is not present for class [com.voyagerss.financial.service.KrBankApiServiceTest]: using defaults.
15:05:34.260 [Test worker] INFO org.springframework.boot.test.context.SpringBootTestContextBootstrapper - Loaded default TestExecutionListener class names from location [META-INF/spring.factories]: [org.springframework.boot.test.autoconfigure.restdocs.RestDocsTestExecutionListener, org.springframework.boot.test.autoconfigure.web.client.MockRestServiceServerResetTestExecutionListener, org.springframework.boot.test.autoconfigure.web.servlet.MockMvcPrintOnlyOnFailureTestExecutionListener, org.springframework.boot.test.autoconfigure.web.servlet.WebDriverTestExecutionListener, org.springframework.boot.test.autoconfigure.webservices.client.MockWebServiceServerTestExecutionListener, org.springframework.boot.test.mock.mockito.MockitoTestExecutionListener, org.springframework.boot.test.mock.mockito.ResetMocksTestExecutionListener, org.springframework.test.context.web.ServletTestExecutionListener, org.springframework.test.context.support.DirtiesContextBeforeModesTestExecutionListener, org.springframework.test.context.support.DependencyInjectionTestExecutionListener, org.springframework.test.context.support.DirtiesContextTestExecutionListener, org.springframework.test.context.transaction.TransactionalTestExecutionListener, org.springframework.test.context.jdbc.SqlScriptsTestExecutionListener, org.springframework.test.context.event.EventPublishingTestExecutionListener]
15:05:34.261 [Test worker] INFO org.springframework.boot.test.context.SpringBootTestContextBootstrapper - Using TestExecutionListeners: [org.springframework.test.context.web.ServletTestExecutionListener@6370f4e4, org.springframework.test.context.support.DirtiesContextBeforeModesTestExecutionListener@47c2356b, org.springframework.boot.test.mock.mockito.MockitoTestExecutionListener@970c444, org.springframework.boot.test.autoconfigure.SpringBootDependencyInjectionTestExecutionListener@646dfcf6, org.springframework.test.context.support.DirtiesContextTestExecutionListener@5ee34b, org.springframework.test.context.transaction.TransactionalTestExecutionListener@5661e746, org.springframework.test.context.jdbc.SqlScriptsTestExecutionListener@59bc5b2a, org.springframework.test.context.event.EventPublishingTestExecutionListener@52bd86a7, org.springframework.boot.test.autoconfigure.restdocs.RestDocsTestExecutionListener@250e7300, org.springframework.boot.test.autoconfigure.web.client.MockRestServiceServerResetTestExecutionListener@7c0ceb30, org.springframework.boot.test.autoconfigure.web.servlet.MockMvcPrintOnlyOnFailureTestExecutionListener@47529a90, org.springframework.boot.test.autoconfigure.web.servlet.WebDriverTestExecutionListener@7964b463, org.springframework.boot.test.autoconfigure.webservices.client.MockWebServiceServerTestExecutionListener@2f245e3c, org.springframework.boot.test.mock.mockito.ResetMocksTestExecutionListener@34ea7583]
15:05:34.267 [Test worker] DEBUG org.springframework.test.context.support.AbstractDirtiesContextTestExecutionListener - Before test class: context [DefaultTestContext@68b60e31 testClass = KrBankApiServiceTest, testInstance = [null], testMethod = [null], testException = [null], mergedContextConfiguration = [WebMergedContextConfiguration@366c1c6d testClass = KrBankApiServiceTest, locations = '{}', classes = '{class com.voyagerss.ServerApplication}', contextInitializerClasses = '[]', activeProfiles = '{}', propertySourceLocations = '{}', propertySourceProperties = '{org.springframework.boot.test.context.SpringBootTestContextBootstrapper=true}', contextCustomizers = set[org.springframework.boot.test.autoconfigure.properties.PropertyMappingContextCustomizer@0, org.springframework.boot.test.autoconfigure.web.servlet.WebDriverContextCustomizerFactory$Customizer@1f5b8da8, org.springframework.boot.test.context.filter.ExcludeFilterContextCustomizer@1ff308d1, org.springframework.boot.test.json.DuplicateJsonObjectContextCustomizerFactory$DuplicateJsonObjectContextCustomizer@57a35c99, org.springframework.boot.test.mock.mockito.MockitoContextCustomizer@0, org.springframework.boot.test.web.client.TestRestTemplateContextCustomizer@7a78b142, org.springframework.boot.test.context.SpringBootTestArgs@1], resourceBasePath = 'src/main/webapp', contextLoader = 'org.springframework.boot.test.context.SpringBootContextLoader', parent = [null]], attributes = map['org.springframework.test.context.web.ServletTestExecutionListener.activateListener' -> true]], class annotated with @DirtiesContext [false] with mode [null].
15:05:34.302 [Test worker] DEBUG org.springframework.test.context.support.TestPropertySourceUtils - Adding inlined properties to environment: {spring.jmx.enabled=false, org.springframework.boot.test.context.SpringBootTestContextBootstrapper=true}

  .   ____          _            __ _ _
 /\\ / ___'_ __ _ _(_)_ __  __ _ \ \ \ \
( ( )\___ | '_ | '_| | '_ \/ _` | \ \ \ \
 \\/  ___)| |_)| | | | | || (_| |  ) ) ) )
  '  |____| .__|_| |_|_| |_\__, | / / / /
 =========|_|==============|___/=/_/_/_/
 :: Spring Boot ::        (v2.3.4.RELEASE)

2021-02-02 15:05:34.662  INFO 57404 --- [    Test worker] c.v.f.service.KrBankApiServiceTest       : Starting KrBankApiServiceTest on NB00002036 with PID 57404 (started by sanghun.min in D:\workspace\sandbox\chargerStationServer-main)
2021-02-02 15:05:34.664  INFO 57404 --- [    Test worker] c.v.f.service.KrBankApiServiceTest       : No active profile set, falling back to default profiles: default
2021-02-02 15:05:36.231  INFO 57404 --- [    Test worker] .s.d.r.c.RepositoryConfigurationDelegate : Bootstrapping Spring Data JPA repositories in DEFERRED mode.
2021-02-02 15:05:36.379  INFO 57404 --- [    Test worker] .s.d.r.c.RepositoryConfigurationDelegate : Finished Spring Data repository scanning in 132ms. Found 5 JPA repository interfaces.
2021-02-02 15:05:37.677  INFO 57404 --- [    Test worker] o.s.s.concurrent.ThreadPoolTaskExecutor  : Initializing ExecutorService 'applicationTaskExecutor'
2021-02-02 15:05:37.710  INFO 57404 --- [    Test worker] com.zaxxer.hikari.HikariDataSource       : HikariPool-1 - Starting...
2021-02-02 15:05:43.410  INFO 57404 --- [    Test worker] com.zaxxer.hikari.HikariDataSource       : HikariPool-1 - Start completed.
2021-02-02 15:05:43.506  INFO 57404 --- [    Test worker] f.a.AutowiredAnnotationBeanPostProcessor : Autowired annotation is not supported on static fields: public static java.lang.String com.voyagerss.ServerApplication.FILE_FOLDER_ROOT_PATH
2021-02-02 15:05:43.526  INFO 57404 --- [         task-1] o.hibernate.jpa.internal.util.LogHelper  : HHH000204: Processing PersistenceUnitInfo [name: default]
2021-02-02 15:05:43.622  INFO 57404 --- [         task-1] org.hibernate.Version                    : HHH000412: Hibernate ORM core version 5.4.21.Final
2021-02-02 15:05:43.939  INFO 57404 --- [         task-1] o.hibernate.annotations.common.Version   : HCANN000001: Hibernate Commons Annotations {5.1.0.Final}
2021-02-02 15:05:44.223  INFO 57404 --- [         task-1] org.hibernate.dialect.Dialect            : HHH000400: Using dialect: org.hibernate.dialect.MySQL8Dialect
2021-02-02 15:05:44.313  WARN 57404 --- [    Test worker] JpaBaseConfiguration$JpaWebConfiguration : spring.jpa.open-in-view is enabled by default. Therefore, database queries may be performed during view rendering. Explicitly configure spring.jpa.open-in-view to disable this warning
2021-02-02 15:05:44.972  INFO 57404 --- [    Test worker] pertySourcedRequestMappingHandlerMapping : Mapped URL path [/v2/api-docs] onto method [springfox.documentation.swagger2.web.Swagger2Controller#getDocumentation(String, HttpServletRequest)]
2021-02-02 15:05:45.872  INFO 57404 --- [         task-1] o.h.e.t.j.p.i.JtaPlatformInitiator       : HHH000490: Using JtaPlatform implementation: [org.hibernate.engine.transaction.jta.platform.internal.NoJtaPlatform]
2021-02-02 15:05:45.888  INFO 57404 --- [         task-1] j.LocalContainerEntityManagerFactoryBean : Initialized JPA EntityManagerFactory for persistence unit 'default'
2021-02-02 15:05:46.050  INFO 57404 --- [    Test worker] d.s.w.p.DocumentationPluginsBootstrapper : Context refreshed
2021-02-02 15:05:46.097  INFO 57404 --- [    Test worker] d.s.w.p.DocumentationPluginsBootstrapper : Found 1 custom documentation plugin(s)
2021-02-02 15:05:46.140  INFO 57404 --- [    Test worker] s.d.s.w.s.ApiListingReferenceScanner     : Scanning for api listing references
2021-02-02 15:05:46.161  INFO 57404 --- [    Test worker] DeferredRepositoryInitializationListener : Triggering deferred initialization of Spring Data repositories…
2021-02-02 15:05:47.020  INFO 57404 --- [    Test worker] DeferredRepositoryInitializationListener : Spring Data repositories initialized!
2021-02-02 15:05:47.032  INFO 57404 --- [    Test worker] o.s.s.c.ThreadPoolTaskScheduler          : Initializing ExecutorService
2021-02-02 15:05:47.037  INFO 57404 --- [    Test worker] c.v.f.service.KrBankApiServiceTest       : Started KrBankApiServiceTest in 12.724 seconds (JVM running for 16.03)
2021-02-02 15:05:49.328  INFO 57404 --- [    Test worker] p6spy                                    : #1612245949328 | took 145ms | statement | connection 4| url jdbc:mysql://shop.voyagerss.com:3306/charger?characterEncoding=utf8&serverTimezone=UTC&useUnicode=true&createDatabaseIfNotExist=true
select next_val as id_val from hibernate_sequence for update
select next_val as id_val from hibernate_sequence for update;
2021-02-02 15:05:49.400  INFO 57404 --- [    Test worker] p6spy                                    : #1612245949400 | took 70ms | statement | connection 4| url jdbc:mysql://shop.voyagerss.com:3306/charger?characterEncoding=utf8&serverTimezone=UTC&useUnicode=true&createDatabaseIfNotExist=true
update hibernate_sequence set next_val= ? where next_val=?
update hibernate_sequence set next_val= 8 where next_val=7;
2021-02-02 15:05:49.519  INFO 57404 --- [    Test worker] p6spy                                    : #1612245949519 | took 119ms | commit | connection 4| url jdbc:mysql://shop.voyagerss.com:3306/charger?characterEncoding=utf8&serverTimezone=UTC&useUnicode=true&createDatabaseIfNotExist=true

;
2021-02-02 15:05:49.887  INFO 57404 --- [    Test worker] p6spy                                    : #1612245949887 | took 46ms | statement | connection 3| url jdbc:mysql://shop.voyagerss.com:3306/charger?characterEncoding=utf8&serverTimezone=UTC&useUnicode=true&createDatabaseIfNotExist=true
insert into krbankdata (data_value, item_code1, item_code2, item_code3, item_name1, item_name2, item_name3, stat_code, stat_name, time, unit_name, id) values (?, ?, ?, ?, ?, ?, ?, ?, ?, ?, ?, ?)
insert into krbankdata (data_value, item_code1, item_code2, item_code3, item_name1, item_name2, item_name3, stat_code, stat_name, time, unit_name, id) values ('3069.05', '0001000', ' ', ' ', 'KOSPI지수', ' ', ' ', '064Y001', '6.1.1 주식시장(일별)', '20210128', '1980.01.04=100 ', 7);
2021-02-02 15:05:49.943  INFO 57404 --- [    Test worker] p6spy                                    : #1612245949943 | took 51ms | commit | connection 3| url jdbc:mysql://shop.voyagerss.com:3306/charger?characterEncoding=utf8&serverTimezone=UTC&useUnicode=true&createDatabaseIfNotExist=true

;
2021-02-02 15:05:52.144  INFO 57404 --- [    Test worker] p6spy                                    : #1612245952144 | took 528ms | statement | connection 6| url jdbc:mysql://shop.voyagerss.com:3306/charger?characterEncoding=utf8&serverTimezone=UTC&useUnicode=true&createDatabaseIfNotExist=true
select next_val as id_val from hibernate_sequence for update
select next_val as id_val from hibernate_sequence for update;
2021-02-02 15:05:52.707  INFO 57404 --- [    Test worker] p6spy                                    : #1612245952707 | took 562ms | statement | connection 6| url jdbc:mysql://shop.voyagerss.com:3306/charger?characterEncoding=utf8&serverTimezone=UTC&useUnicode=true&createDatabaseIfNotExist=true
update hibernate_sequence set next_val= ? where next_val=?
update hibernate_sequence set next_val= 9 where next_val=8;
2021-02-02 15:05:53.443  INFO 57404 --- [    Test worker] p6spy                                    : #1612245953443 | took 735ms | commit | connection 6| url jdbc:mysql://shop.voyagerss.com:3306/charger?characterEncoding=utf8&serverTimezone=UTC&useUnicode=true&createDatabaseIfNotExist=true

;
2021-02-02 15:05:54.276  INFO 57404 --- [    Test worker] p6spy                                    : #1612245954276 | took 195ms | statement | connection 5| url jdbc:mysql://shop.voyagerss.com:3306/charger?characterEncoding=utf8&serverTimezone=UTC&useUnicode=true&createDatabaseIfNotExist=true
insert into krbankdata (data_value, item_code1, item_code2, item_code3, item_name1, item_name2, item_name3, stat_code, stat_name, time, unit_name, id) values (?, ?, ?, ?, ?, ?, ?, ?, ?, ?, ?, ?)
insert into krbankdata (data_value, item_code1, item_code2, item_code3, item_name1, item_name2, item_name3, stat_code, stat_name, time, unit_name, id) values ('3152.18', '0001000', ' ', ' ', 'KOSPI지수', ' ', ' ', '064Y001', '6.1.1 주식시장(일별)', '20210108', '1980.01.04=100 ', 8);
2021-02-02 15:05:54.428  INFO 57404 --- [    Test worker] p6spy                                    : #1612245954428 | took 151ms | commit | connection 5| url jdbc:mysql://shop.voyagerss.com:3306/charger?characterEncoding=utf8&serverTimezone=UTC&useUnicode=true&createDatabaseIfNotExist=true

;
]]></system-out>
  <system-err><![CDATA[]]></system-err>
</testsuite>
