<?xml version="1.0" encoding="UTF-8"?>
<testsuite name="com.voyagerss.station.Service.PatchTest" tests="1" skipped="0" failures="0" errors="0" timestamp="2021-02-02T06:05:54" hostname="NB00002036" time="0.551">
  <properties/>
  <testcase name="공공데이터가져오기" classname="com.voyagerss.station.Service.PatchTest" time="0.551"/>
  <system-out><![CDATA[]]></system-out>
  <system-err><![CDATA[]]></system-err>
</testsuite>
